Release 14.2 - xst P.28xd (nt)
Copyright (c) 1995-2012 Xilinx, Inc.  All rights reserved.
--> Parameter TMPDIR set to xst/projnav.tmp


Total REAL time to Xst completion: 0.00 secs
Total CPU time to Xst completion: 0.28 secs
 
--> Parameter xsthdpdir set to xst


Total REAL time to Xst completion: 0.00 secs
Total CPU time to Xst completion: 0.28 secs
 
--> Reading design: mult.prj

TABLE OF CONTENTS
  1) Synthesis Options Summary
  2) HDL Compilation
  3) Design Hierarchy Analysis
  4) HDL Analysis
  5) HDL Synthesis
     5.1) HDL Synthesis Report
  6) Advanced HDL Synthesis
     6.1) Advanced HDL Synthesis Report
  7) Low Level Synthesis
  8) Partition Report
  9) Final Report
	9.1) Device utilization summary
	9.2) Partition Resource Summary
	9.3) TIMING REPORT


=========================================================================
*                      Synthesis Options Summary                        *
=========================================================================
---- Source Parameters
Input File Name                    : "mult.prj"
Input Format                       : mixed
Ignore Synthesis Constraint File   : NO

---- Target Parameters
Output File Name                   : "mult"
Output Format                      : NGC
Target Device                      : xc3s1200e-5-fg320

---- Source Options
Top Module Name                    : mult
Automatic FSM Extraction           : YES
FSM Encoding Algorithm             : Auto
Safe Implementation                : No
FSM Style                          : LUT
RAM Extraction                     : Yes
RAM Style                          : Auto
ROM Extraction                     : Yes
Mux Style                          : Auto
Decoder Extraction                 : YES
Priority Encoder Extraction        : Yes
Shift Register Extraction          : YES
Logical Shifter Extraction         : YES
XOR Collapsing                     : YES
ROM Style                          : Auto
Mux Extraction                     : Yes
Resource Sharing                   : YES
Asynchronous To Synchronous        : NO
Multiplier Style                   : Auto
Automatic Register Balancing       : No

---- Target Options
Add IO Buffers                     : YES
Global Maximum Fanout              : 100000
Add Generic Clock Buffer(BUFG)     : 24
Register Duplication               : YES
Slice Packing                      : YES
Optimize Instantiated Primitives   : NO
Use Clock Enable                   : Yes
Use Synchronous Set                : Yes
Use Synchronous Reset              : Yes
Pack IO Registers into IOBs        : Auto
Equivalent register Removal        : YES

---- General Options
Optimization Goal                  : Speed
Optimization Effort                : 1
Keep Hierarchy                     : No
Netlist Hierarchy                  : As_Optimized
RTL Output                         : Yes
Global Optimization                : AllClockNets
Read Cores                         : YES
Write Timing Constraints           : NO
Cross Clock Analysis               : NO
Hierarchy Separator                : /
Bus Delimiter                      : <>
Case Specifier                     : Maintain
Slice Utilization Ratio            : 100
BRAM Utilization Ratio             : 100
Verilog 2001                       : YES
Auto BRAM Packing                  : NO
Slice Utilization Ratio Delta      : 5

=========================================================================


=========================================================================
*                          HDL Compilation                              *
=========================================================================
Compiling vhdl file "//vboxsvr/tesis/multiplicador_matriz_serial_vhdl/mult.vhd" in Library work.
Entity <mult> compiled.
Entity <mult> (Architecture <behavioral>) compiled.

=========================================================================
*                     Design Hierarchy Analysis                         *
=========================================================================
Analyzing hierarchy for entity <mult> in library <work> (architecture <behavioral>) with generics.
	E_bit = 5
	M = 2
	N = 2
	N_bit = 2
	P = 2
	log2M = 1
	log2N = 1
	log2P = 1


=========================================================================
*                            HDL Analysis                               *
=========================================================================
Analyzing generic Entity <mult> in library <work> (Architecture <behavioral>).
	E_bit = 5
	M = 2
	N = 2
	N_bit = 2
	P = 2
	log2M = 1
	log2N = 1
	log2P = 1
Entity <mult> analyzed. Unit <mult> generated.


=========================================================================
*                           HDL Synthesis                               *
=========================================================================

Performing bidirectional port resolution...

Synthesizing Unit <mult>.
    Related source file is "//vboxsvr/tesis/multiplicador_matriz_serial_vhdl/mult.vhd".
WARNING:Xst:646 - Signal <matrizB<1>> is assigned but never used. This unconnected signal will be trimmed during the optimization process.
WARNING:Xst:646 - Signal <matrizA<1><1>> is assigned but never used. This unconnected signal will be trimmed during the optimization process.
WARNING:Xst:646 - Signal <matrizA<0><1>> is assigned but never used. This unconnected signal will be trimmed during the optimization process.
    Found 5-bit up accumulator for signal <acumulador>.
    Found 1-bit register for signal <contadorM<0>>.
    Found 1-bit register for signal <contadorN<0>>.
    Found 1-bit register for signal <contadorP<0>>.
    Found 10-bit register for signal <matrizR<0>>.
    Found 10-bit register for signal <matrizR<1>>.
    Found 4-bit register for signal <producto>.
    Found 2x2-bit multiplier for signal <producto$mult0000> created at line 122.
    Summary:
	inferred   1 Accumulator(s).
	inferred  27 D-type flip-flop(s).
	inferred   1 Multiplier(s).
Unit <mult> synthesized.


=========================================================================
HDL Synthesis Report

Macro Statistics
# Multipliers                                          : 1
 2x2-bit multiplier                                    : 1
# Accumulators                                         : 1
 5-bit up accumulator                                  : 1
# Registers                                            : 8
 1-bit register                                        : 3
 4-bit register                                        : 1
 5-bit register                                        : 4

=========================================================================

=========================================================================
*                       Advanced HDL Synthesis                          *
=========================================================================


Synthesizing (advanced) Unit <mult>.
	Found pipelined multiplier on signal <producto_mult0000>:
		- 1 pipeline level(s) found in a register connected to the multiplier macro output.
		Pushing register(s) into the multiplier macro.
Unit <mult> synthesized (advanced).

=========================================================================
Advanced HDL Synthesis Report

Macro Statistics
# Multipliers                                          : 1
 2x2-bit registered multiplier                         : 1
# Accumulators                                         : 1
 5-bit up accumulator                                  : 1
# Registers                                            : 23
 Flip-Flops                                            : 23

=========================================================================

=========================================================================
*                         Low Level Synthesis                           *
=========================================================================

Optimizing unit <mult> ...

Mapping all equations...
Building and optimizing final netlist ...
Found area constraint ratio of 100 (+ 5) on block mult, actual ratio is 0.

Final Macro Processing ...

=========================================================================
Final Register Report

Macro Statistics
# Registers                                            : 32
 Flip-Flops                                            : 32

=========================================================================

=========================================================================
*                           Partition Report                            *
=========================================================================

Partition Implementation Status
-------------------------------

  No Partitions were found in this design.

-------------------------------

=========================================================================
*                            Final Report                               *
=========================================================================
Final Results
RTL Top Level Output File Name     : mult.ngr
Top Level Output File Name         : mult
Output Format                      : NGC
Optimization Goal                  : Speed
Keep Hierarchy                     : No

Design Statistics
# IOs                              : 39

Cell Usage :
# BELS                             : 34
#      GND                         : 1
#      INV                         : 2
#      LUT1                        : 1
#      LUT2                        : 6
#      LUT3                        : 2
#      LUT3_D                      : 3
#      LUT4                        : 9
#      MUXCY                       : 4
#      VCC                         : 1
#      XORCY                       : 5
# FlipFlops/Latches                : 32
#      FDE                         : 20
#      FDRE                        : 12
# Clock Buffers                    : 1
#      BUFGP                       : 1
# IO Buffers                       : 30
#      IBUF                        : 10
#      OBUF                        : 20
=========================================================================

Device utilization summary:
---------------------------

Selected Device : 3s1200efg320-5 

 Number of Slices:                       22  out of   8672     0%  
 Number of Slice Flip Flops:             32  out of  17344     0%  
 Number of 4 input LUTs:                 23  out of  17344     0%  
 Number of IOs:                          39
 Number of bonded IOBs:                  31  out of    250    12%  
 Number of GCLKs:                         1  out of     24     4%  

---------------------------
Partition Resource Summary:
---------------------------

  No Partitions were found in this design.

---------------------------


=========================================================================
TIMING REPORT

NOTE: THESE TIMING NUMBERS ARE ONLY A SYNTHESIS ESTIMATE.
      FOR ACCURATE TIMING INFORMATION PLEASE REFER TO THE TRACE REPORT
      GENERATED AFTER PLACE-and-ROUTE.

Clock Information:
------------------
-----------------------------------+------------------------+-------+
Clock Signal                       | Clock buffer(FF name)  | Load  |
-----------------------------------+------------------------+-------+
clk                                | BUFGP                  | 32    |
-----------------------------------+------------------------+-------+

Asynchronous Control Signals Information:
----------------------------------------
No asynchronous control signals found in this design

Timing Summary:
---------------
Speed Grade: -5

   Minimum period: 3.907ns (Maximum Frequency: 255.941MHz)
   Minimum input arrival time before clock: 4.794ns
   Maximum output required time after clock: 4.040ns
   Maximum combinational path delay: No path found

Timing Detail:
--------------
All values displayed in nanoseconds (ns)

=========================================================================
Timing constraint: Default period analysis for Clock 'clk'
  Clock period: 3.907ns (frequency: 255.941MHz)
  Total number of paths / destination ports: 148 / 62
-------------------------------------------------------------------------
Delay:               3.907ns (Levels of Logic = 2)
  Source:            contadorM_0 (FF)
  Destination:       matrizR<0>_1_0 (FF)
  Source Clock:      clk rising
  Destination Clock: clk rising

  Data Path: contadorM_0 to matrizR<0>_1_0
                                Gate     Net
    Cell:in->out      fanout   Delay   Delay  Logical Name (Net Name)
    ----------------------------------------  ------------
     FDRE:C->Q             5   0.514   0.607  contadorM_0 (contadorM_0)
     LUT2:I1->O            5   0.612   0.541  contadorN_0_not000111 (contadorP_0_not0001)
     LUT4:I3->O            5   0.612   0.538  matrizR<1>_1_not00011 (matrizR<1>_1_not0001)
     FDE:CE                    0.483          matrizR<1>_1_0
    ----------------------------------------
    Total                      3.907ns (2.221ns logic, 1.686ns route)
                                       (56.8% logic, 43.2% route)

=========================================================================
Timing constraint: Default OFFSET IN BEFORE for Clock 'clk'
  Total number of paths / destination ports: 97 / 48
-------------------------------------------------------------------------
Offset:              4.794ns (Levels of Logic = 3)
  Source:            clk_en (PAD)
  Destination:       matrizR<0>_1_0 (FF)
  Destination Clock: clk rising

  Data Path: clk_en to matrizR<0>_1_0
                                Gate     Net
    Cell:in->out      fanout   Delay   Delay  Logical Name (Net Name)
    ----------------------------------------  ------------
     IBUF:I->O            10   1.106   0.902  clk_en_IBUF (clk_en_IBUF)
     LUT2:I0->O            5   0.612   0.541  contadorN_0_not000111 (contadorP_0_not0001)
     LUT4:I3->O            5   0.612   0.538  matrizR<1>_1_not00011 (matrizR<1>_1_not0001)
     FDE:CE                    0.483          matrizR<1>_1_0
    ----------------------------------------
    Total                      4.794ns (2.813ns logic, 1.981ns route)
                                       (58.7% logic, 41.3% route)

=========================================================================
Timing constraint: Default OFFSET OUT AFTER for Clock 'clk'
  Total number of paths / destination ports: 20 / 20
-------------------------------------------------------------------------
Offset:              4.040ns (Levels of Logic = 1)
  Source:            matrizR<1>_1_4 (FF)
  Destination:       mat_out<19> (PAD)
  Source Clock:      clk rising

  Data Path: matrizR<1>_1_4 to mat_out<19>
                                Gate     Net
    Cell:in->out      fanout   Delay   Delay  Logical Name (Net Name)
    ----------------------------------------  ------------
     FDE:C->Q              1   0.514   0.357  matrizR<1>_1_4 (matrizR<1>_1_4)
     OBUF:I->O                 3.169          mat_out_19_OBUF (mat_out<19>)
    ----------------------------------------
    Total                      4.040ns (3.683ns logic, 0.357ns route)
                                       (91.2% logic, 8.8% route)

=========================================================================


Total REAL time to Xst completion: 5.00 secs
Total CPU time to Xst completion: 5.57 secs
 
--> 

Total memory usage is 153800 kilobytes

Number of errors   :    0 (   0 filtered)
Number of warnings :    3 (   0 filtered)
Number of infos    :    0 (   0 filtered)

