Running: C:\Xilinx\14.2\ISE_DS\ISE\bin\nt\unwrapped\fuse.exe -intstyle ise -incremental -o C:/Documents and Settings/contbcdVHDL/testbcd_isim_beh.exe -prj C:/Documents and Settings/contbcdVHDL/testbcd_beh.prj work.testbcd 
ISim P.28xd (signature 0x1048c146)
Number of CPUs detected in this system: 1
Turning on mult-threading, number of parallel sub-compilation jobs: 0 
Determining compilation order of HDL files
Parsing VHDL file "C:/Documents and Settings/contbcdVHDL/ifcontBCD.vhd" into library work
Parsing VHDL file "C:/Documents and Settings/contbcdVHDL/testbcd.vhd" into library work
Starting static elaboration
Completed static elaboration
Fuse Memory Usage: 67940 KB
Fuse CPU Usage: 300 ms
Compiling package standard
Compiling package std_logic_1164
Compiling package std_logic_arith
Compiling package std_logic_unsigned
Compiling architecture behavioral of entity ifcontBCD [\ifcontBCD(4,2,5000000,23)\]
Compiling architecture behavior of entity testbcd
Time Resolution for simulation is 1ps.
Compiled 7 VHDL Units
Built simulation executable C:/Documents and Settings/contbcdVHDL/testbcd_isim_beh.exe
Fuse Memory Usage: 81832 KB
Fuse CPU Usage: 410 ms
