--------------------------------------------------------------------------------
Release 14.2 Trace  (nt)
Copyright (c) 1995-2012 Xilinx, Inc.  All rights reserved.

C:\Xilinx\14.2\ISE_DS\ISE\bin\nt\unwrapped\trce.exe -intstyle ise -v 3 -s 5 -n
3 -fastpaths -xml ifcontBCD.twx ifcontBCD.ncd -o ifcontBCD.twr ifcontBCD.pcf
-ucf ifcontBCD.ucf

Design file:              ifcontBCD.ncd
Physical constraint file: ifcontBCD.pcf
Device,package,speed:     xc3s1200e,fg320,-5 (PRODUCTION 1.27 2012-07-09)
Report level:             verbose report

Environment Variable      Effect 
--------------------      ------ 
NONE                      No environment variables were set
--------------------------------------------------------------------------------

INFO:Timing:2698 - No timing constraints found, doing default enumeration.
INFO:Timing:3412 - To improve timing, see the Timing Closure User Guide (UG612).
INFO:Timing:2752 - To get complete path coverage, use the unconstrained paths 
   option. All paths that are not constrained will be reported in the 
   unconstrained paths section(s) of the report.
INFO:Timing:3339 - The clock-to-out numbers in this timing report are based on 
   a 50 Ohm transmission line loading model.  For the details of this model, 
   and for more information on accounting for different loading conditions, 
   please see the device datasheet.
INFO:Timing:3390 - This architecture does not support a default System Jitter 
   value, please add SYSTEM_JITTER constraint to the UCF to modify the Clock 
   Uncertainty calculation.
INFO:Timing:3389 - This architecture does not support 'Discrete Jitter' and 
   'Phase Error' calculations, these terms will be zero in the Clock 
   Uncertainty calculation.  Please make appropriate modification to 
   SYSTEM_JITTER to account for the unsupported Discrete Jitter and Phase 
   Error.



Data Sheet report:
-----------------
All values displayed in nanoseconds (ns)

Setup/Hold to clock clk
------------+------------+------------+------------------+--------+
            |Max Setup to|Max Hold to |                  | Clock  |
Source      | clk (edge) | clk (edge) |Internal Clock(s) | Phase  |
------------+------------+------------+------------------+--------+
rst         |    3.457(R)|    0.650(R)|clk_BUFGP         |   0.000|
------------+------------+------------+------------------+--------+

Clock clk to Pad
------------+------------+------------------+--------+
            | clk (edge) |                  | Clock  |
Destination |   to PAD   |Internal Clock(s) | Phase  |
------------+------------+------------------+--------+
drivers<0>  |    7.681(R)|clk_BUFGP         |   0.000|
drivers<1>  |    7.787(R)|clk_BUFGP         |   0.000|
drivers<2>  |    7.502(R)|clk_BUFGP         |   0.000|
drivers<3>  |    7.152(R)|clk_BUFGP         |   0.000|
salida<0>   |   12.407(R)|clk_BUFGP         |   0.000|
salida<1>   |   11.817(R)|clk_BUFGP         |   0.000|
salida<2>   |   10.888(R)|clk_BUFGP         |   0.000|
salida<3>   |   11.878(R)|clk_BUFGP         |   0.000|
salida<4>   |   11.359(R)|clk_BUFGP         |   0.000|
salida<5>   |   11.940(R)|clk_BUFGP         |   0.000|
salida<6>   |   12.102(R)|clk_BUFGP         |   0.000|
------------+------------+------------------+--------+

Clock to Setup on destination clock clk
---------------+---------+---------+---------+---------+
               | Src:Rise| Src:Fall| Src:Rise| Src:Fall|
Source Clock   |Dest:Rise|Dest:Rise|Dest:Fall|Dest:Fall|
---------------+---------+---------+---------+---------+
clk            |    5.022|         |         |         |
---------------+---------+---------+---------+---------+


Analysis completed Mon Apr 22 22:15:54 2013 
--------------------------------------------------------------------------------

Trace Settings:
-------------------------
Trace Settings 

Peak Memory Usage: 111 MB



