Running: C:\Xilinx\14.2\ISE_DS\ISE\bin\nt\unwrapped\fuse.exe -intstyle ise -incremental -lib unisims_ver -lib unimacro_ver -lib xilinxcorelib_ver -o C:/Documents and Settings/Administrador/Escritorio/Contador_BCD/test_con_isim_beh.exe -prj C:/Documents and Settings/Administrador/Escritorio/Contador_BCD/test_con_beh.prj work.test_con work.glbl 
ISim P.28xd (signature 0x1048c146)
Number of CPUs detected in this system: 1
Turning on mult-threading, number of parallel sub-compilation jobs: 0 
Determining compilation order of HDL files
Analyzing Verilog file "C:/Documents and Settings/Administrador/Escritorio/Contador_BCD/contador_BCD.v" into library work
Analyzing Verilog file "C:/Documents and Settings/Administrador/Escritorio/Contador_BCD/test_con.v" into library work
Analyzing Verilog file "C:/Xilinx/14.2/ISE_DS/ISE//verilog/src/glbl.v" into library work
Starting static elaboration
Completed static elaboration
Fuse Memory Usage: 66920 KB
Fuse CPU Usage: 240 ms
Compiling module contador_BCD
Compiling module test_con
Compiling module glbl
Time Resolution for simulation is 1ps.
Compiled 3 Verilog Units
Built simulation executable C:/Documents and Settings/Administrador/Escritorio/Contador_BCD/test_con_isim_beh.exe
Fuse Memory Usage: 70380 KB
Fuse CPU Usage: 260 ms
