Release 14.2 - xst P.28xd (nt)
Copyright (c) 1995-2012 Xilinx, Inc.  All rights reserved.
--> Parameter TMPDIR set to xst/projnav.tmp


Total REAL time to Xst completion: 1.00 secs
Total CPU time to Xst completion: 0.39 secs
 
--> Parameter xsthdpdir set to xst


Total REAL time to Xst completion: 1.00 secs
Total CPU time to Xst completion: 0.41 secs
 
--> Reading design: conversor.prj

TABLE OF CONTENTS
  1) Synthesis Options Summary
  2) HDL Compilation
  3) Design Hierarchy Analysis
  4) HDL Analysis
  5) HDL Synthesis
     5.1) HDL Synthesis Report
  6) Advanced HDL Synthesis
     6.1) Advanced HDL Synthesis Report
  7) Low Level Synthesis
  8) Partition Report
  9) Final Report
	9.1) Device utilization summary
	9.2) Partition Resource Summary
	9.3) TIMING REPORT


=========================================================================
*                      Synthesis Options Summary                        *
=========================================================================
---- Source Parameters
Input File Name                    : "conversor.prj"
Input Format                       : mixed
Ignore Synthesis Constraint File   : NO

---- Target Parameters
Output File Name                   : "conversor"
Output Format                      : NGC
Target Device                      : xc3s100e-5-cp132

---- Source Options
Top Module Name                    : conversor
Automatic FSM Extraction           : YES
FSM Encoding Algorithm             : Auto
Safe Implementation                : No
FSM Style                          : LUT
RAM Extraction                     : Yes
RAM Style                          : Auto
ROM Extraction                     : Yes
Mux Style                          : Auto
Decoder Extraction                 : YES
Priority Encoder Extraction        : Yes
Shift Register Extraction          : YES
Logical Shifter Extraction         : YES
XOR Collapsing                     : YES
ROM Style                          : Auto
Mux Extraction                     : Yes
Resource Sharing                   : YES
Asynchronous To Synchronous        : NO
Multiplier Style                   : Auto
Automatic Register Balancing       : No

---- Target Options
Add IO Buffers                     : YES
Global Maximum Fanout              : 100000
Add Generic Clock Buffer(BUFG)     : 24
Register Duplication               : YES
Slice Packing                      : YES
Optimize Instantiated Primitives   : NO
Use Clock Enable                   : Yes
Use Synchronous Set                : Yes
Use Synchronous Reset              : Yes
Pack IO Registers into IOBs        : Auto
Equivalent register Removal        : YES

---- General Options
Optimization Goal                  : Speed
Optimization Effort                : 1
Keep Hierarchy                     : No
Netlist Hierarchy                  : As_Optimized
RTL Output                         : Yes
Global Optimization                : AllClockNets
Read Cores                         : YES
Write Timing Constraints           : NO
Cross Clock Analysis               : NO
Hierarchy Separator                : /
Bus Delimiter                      : <>
Case Specifier                     : Maintain
Slice Utilization Ratio            : 100
BRAM Utilization Ratio             : 100
Verilog 2001                       : YES
Auto BRAM Packing                  : NO
Slice Utilization Ratio Delta      : 5

=========================================================================


=========================================================================
*                          HDL Compilation                              *
=========================================================================
Compiling verilog file "conversor.v" in library work
Module <conversor> compiled
No errors in compilation
Analysis of file <"conversor.prj"> succeeded.
 

=========================================================================
*                     Design Hierarchy Analysis                         *
=========================================================================
Analyzing hierarchy for module <conversor> in library <work> with parameters.
	N = "00000000000000000000000000000100"
	logN = "00000000000000000000000000000010"


=========================================================================
*                            HDL Analysis                               *
=========================================================================
Analyzing top module <conversor>.
	N = 32'sb00000000000000000000000000000100
	logN = 32'sb00000000000000000000000000000010
Module <conversor> is correct for synthesis.
 

=========================================================================
*                           HDL Synthesis                               *
=========================================================================

Performing bidirectional port resolution...

Synthesizing Unit <conversor>.
    Related source file is "conversor.v".
    Found 4-bit comparator equal for signal <out_A>.
    Found 4-bit comparator equal for signal <out_B>.
    Found 4-bit comparator equal for signal <out_C>.
    Found 2-bit up counter for signal <cuenta>.
    Found 4-bit register for signal <dato>.
    Summary:
	inferred   1 Counter(s).
	inferred   4 D-type flip-flop(s).
	inferred   3 Comparator(s).
Unit <conversor> synthesized.


=========================================================================
HDL Synthesis Report

Macro Statistics
# Counters                                             : 1
 2-bit up counter                                      : 1
# Registers                                            : 4
 1-bit register                                        : 4
# Comparators                                          : 3
 4-bit comparator equal                                : 3

=========================================================================

=========================================================================
*                       Advanced HDL Synthesis                          *
=========================================================================


=========================================================================
Advanced HDL Synthesis Report

Macro Statistics
# Counters                                             : 1
 2-bit up counter                                      : 1
# Registers                                            : 4
 Flip-Flops                                            : 4
# Comparators                                          : 3
 4-bit comparator equal                                : 3

=========================================================================

=========================================================================
*                         Low Level Synthesis                           *
=========================================================================

Optimizing unit <conversor> ...

Mapping all equations...
Building and optimizing final netlist ...
Found area constraint ratio of 100 (+ 5) on block conversor, actual ratio is 0.

Final Macro Processing ...

=========================================================================
Final Register Report

Macro Statistics
# Registers                                            : 6
 Flip-Flops                                            : 6

=========================================================================

=========================================================================
*                           Partition Report                            *
=========================================================================

Partition Implementation Status
-------------------------------

  No Partitions were found in this design.

-------------------------------

=========================================================================
*                            Final Report                               *
=========================================================================
Final Results
RTL Top Level Output File Name     : conversor.ngr
Top Level Output File Name         : conversor
Output Format                      : NGC
Optimization Goal                  : Speed
Keep Hierarchy                     : No

Design Statistics
# IOs                              : 22

Cell Usage :
# BELS                             : 15
#      LUT2                        : 8
#      LUT4                        : 6
#      VCC                         : 1
# FlipFlops/Latches                : 6
#      FD                          : 1
#      FDE                         : 4
#      FDR                         : 1
# Clock Buffers                    : 1
#      BUFGP                       : 1
# IO Buffers                       : 21
#      IBUF                        : 13
#      OBUF                        : 8
=========================================================================

Device utilization summary:
---------------------------

Selected Device : 3s100ecp132-5 

 Number of Slices:                        8  out of    960     0%  
 Number of Slice Flip Flops:              6  out of   1920     0%  
 Number of 4 input LUTs:                 14  out of   1920     0%  
 Number of IOs:                          22
 Number of bonded IOBs:                  22  out of     83    26%  
 Number of GCLKs:                         1  out of     24     4%  

---------------------------
Partition Resource Summary:
---------------------------

  No Partitions were found in this design.

---------------------------


=========================================================================
TIMING REPORT

NOTE: THESE TIMING NUMBERS ARE ONLY A SYNTHESIS ESTIMATE.
      FOR ACCURATE TIMING INFORMATION PLEASE REFER TO THE TRACE REPORT
      GENERATED AFTER PLACE-and-ROUTE.

Clock Information:
------------------
-----------------------------------+------------------------+-------+
Clock Signal                       | Clock buffer(FF name)  | Load  |
-----------------------------------+------------------------+-------+
clk                                | BUFGP                  | 6     |
-----------------------------------+------------------------+-------+

Asynchronous Control Signals Information:
----------------------------------------
No asynchronous control signals found in this design

Timing Summary:
---------------
Speed Grade: -5

   Minimum period: 2.656ns (Maximum Frequency: 376.499MHz)
   Minimum input arrival time before clock: 1.912ns
   Maximum output required time after clock: 6.341ns
   Maximum combinational path delay: 6.874ns

Timing Detail:
--------------
All values displayed in nanoseconds (ns)

=========================================================================
Timing constraint: Default period analysis for Clock 'clk'
  Clock period: 2.656ns (frequency: 376.499MHz)
  Total number of paths / destination ports: 11 / 6
-------------------------------------------------------------------------
Delay:               2.656ns (Levels of Logic = 1)
  Source:            cuenta_1 (FF)
  Destination:       dato_0 (FF)
  Source Clock:      clk rising
  Destination Clock: clk rising

  Data Path: cuenta_1 to dato_0
                                Gate     Net
    Cell:in->out      fanout   Delay   Delay  Logical Name (Net Name)
    ----------------------------------------  ------------
     FD:C->Q               5   0.514   0.690  cuenta_1 (cuenta_1)
     LUT2:I0->O            1   0.612   0.357  dato_1_cmp_eq00001 (dato_1_cmp_eq0000)
     FDE:CE                    0.483          dato_1
    ----------------------------------------
    Total                      2.656ns (1.609ns logic, 1.047ns route)
                                       (60.6% logic, 39.4% route)

=========================================================================
Timing constraint: Default OFFSET IN BEFORE for Clock 'clk'
  Total number of paths / destination ports: 4 / 4
-------------------------------------------------------------------------
Offset:              1.912ns (Levels of Logic = 1)
  Source:            entrada_serie (PAD)
  Destination:       dato_0 (FF)
  Destination Clock: clk rising

  Data Path: entrada_serie to dato_0
                                Gate     Net
    Cell:in->out      fanout   Delay   Delay  Logical Name (Net Name)
    ----------------------------------------  ------------
     IBUF:I->O             5   1.106   0.538  entrada_serie_IBUF (out_serie_OBUF)
     FDE:D                     0.268          dato_0
    ----------------------------------------
    Total                      1.912ns (1.374ns logic, 0.538ns route)
                                       (71.9% logic, 28.1% route)

=========================================================================
Timing constraint: Default OFFSET OUT AFTER for Clock 'clk'
  Total number of paths / destination ports: 16 / 7
-------------------------------------------------------------------------
Offset:              6.341ns (Levels of Logic = 3)
  Source:            dato_0 (FF)
  Destination:       out_A (PAD)
  Source Clock:      clk rising

  Data Path: dato_0 to out_A
                                Gate     Net
    Cell:in->out      fanout   Delay   Delay  Logical Name (Net Name)
    ----------------------------------------  ------------
     FDE:C->Q              4   0.514   0.568  dato_0 (dato_0)
     LUT4:I1->O            1   0.612   0.509  out_C426 (out_C426)
     LUT2:I0->O            1   0.612   0.357  out_C454 (out_C_OBUF)
     OBUF:I->O                 3.169          out_C_OBUF (out_C)
    ----------------------------------------
    Total                      6.341ns (4.907ns logic, 1.434ns route)
                                       (77.4% logic, 22.6% route)

=========================================================================
Timing constraint: Default path analysis
  Total number of paths / destination ports: 13 / 4
-------------------------------------------------------------------------
Delay:               6.874ns (Levels of Logic = 4)
  Source:            patron_A<0> (PAD)
  Destination:       out_A (PAD)

  Data Path: patron_A<0> to out_A
                                Gate     Net
    Cell:in->out      fanout   Delay   Delay  Logical Name (Net Name)
    ----------------------------------------  ------------
     IBUF:I->O             1   1.106   0.509  patron_A_0_IBUF (patron_A_0_IBUF)
     LUT4:I0->O            1   0.612   0.509  out_A426 (out_A426)
     LUT2:I0->O            1   0.612   0.357  out_A454 (out_A_OBUF)
     OBUF:I->O                 3.169          out_A_OBUF (out_A)
    ----------------------------------------
    Total                      6.874ns (5.499ns logic, 1.375ns route)
                                       (80.0% logic, 20.0% route)

=========================================================================


Total REAL time to Xst completion: 10.00 secs
Total CPU time to Xst completion: 9.24 secs
 
--> 

Total memory usage is 152780 kilobytes

Number of errors   :    0 (   0 filtered)
Number of warnings :    0 (   0 filtered)
Number of infos    :    0 (   0 filtered)

