Release 14.2 - xst P.28xd (nt)
Copyright (c) 1995-2012 Xilinx, Inc.  All rights reserved.
--> Parameter TMPDIR set to xst/projnav.tmp


Total REAL time to Xst completion: 1.00 secs
Total CPU time to Xst completion: 0.33 secs
 
--> Parameter xsthdpdir set to xst


Total REAL time to Xst completion: 1.00 secs
Total CPU time to Xst completion: 0.35 secs
 
--> Reading design: mult_mat.prj

TABLE OF CONTENTS
  1) Synthesis Options Summary
  2) HDL Compilation
  3) Design Hierarchy Analysis
  4) HDL Analysis
  5) HDL Synthesis
     5.1) HDL Synthesis Report
  6) Advanced HDL Synthesis
     6.1) Advanced HDL Synthesis Report
  7) Low Level Synthesis
  8) Partition Report
  9) Final Report
	9.1) Device utilization summary
	9.2) Partition Resource Summary
	9.3) TIMING REPORT


=========================================================================
*                      Synthesis Options Summary                        *
=========================================================================
---- Source Parameters
Input File Name                    : "mult_mat.prj"
Input Format                       : mixed
Ignore Synthesis Constraint File   : NO

---- Target Parameters
Output File Name                   : "mult_mat"
Output Format                      : NGC
Target Device                      : xc3s100e-5-cp132

---- Source Options
Top Module Name                    : mult_mat
Automatic FSM Extraction           : YES
FSM Encoding Algorithm             : Auto
Safe Implementation                : No
FSM Style                          : LUT
RAM Extraction                     : Yes
RAM Style                          : Auto
ROM Extraction                     : Yes
Mux Style                          : Auto
Decoder Extraction                 : YES
Priority Encoder Extraction        : Yes
Shift Register Extraction          : YES
Logical Shifter Extraction         : YES
XOR Collapsing                     : YES
ROM Style                          : Auto
Mux Extraction                     : Yes
Resource Sharing                   : YES
Asynchronous To Synchronous        : NO
Multiplier Style                   : Auto
Automatic Register Balancing       : No

---- Target Options
Add IO Buffers                     : YES
Global Maximum Fanout              : 100000
Add Generic Clock Buffer(BUFG)     : 24
Register Duplication               : YES
Slice Packing                      : YES
Optimize Instantiated Primitives   : NO
Use Clock Enable                   : Yes
Use Synchronous Set                : Yes
Use Synchronous Reset              : Yes
Pack IO Registers into IOBs        : Auto
Equivalent register Removal        : YES

---- General Options
Optimization Goal                  : Speed
Optimization Effort                : 1
Keep Hierarchy                     : No
Netlist Hierarchy                  : As_Optimized
RTL Output                         : Yes
Global Optimization                : AllClockNets
Read Cores                         : YES
Write Timing Constraints           : NO
Cross Clock Analysis               : NO
Hierarchy Separator                : /
Bus Delimiter                      : <>
Case Specifier                     : Maintain
Slice Utilization Ratio            : 100
BRAM Utilization Ratio             : 100
Verilog 2001                       : YES
Auto BRAM Packing                  : NO
Slice Utilization Ratio Delta      : 5

=========================================================================


=========================================================================
*                          HDL Compilation                              *
=========================================================================
Compiling verilog file "mult_mat.v" in library work
Module <mult_mat> compiled
No errors in compilation
Analysis of file <"mult_mat.prj"> succeeded.
 

=========================================================================
*                     Design Hierarchy Analysis                         *
=========================================================================
Analyzing hierarchy for module <mult_mat> in library <work> with parameters.
	Bit = "00000000000000000000000000000001"
	M = "00000000000000000000000000000011"
	N = "00000000000000000000000000000010"
	P = "00000000000000000000000000000011"


=========================================================================
*                            HDL Analysis                               *
=========================================================================
Analyzing top module <mult_mat>.
	Bit = 32'sb00000000000000000000000000000001
	M = 32'sb00000000000000000000000000000011
	N = 32'sb00000000000000000000000000000010
	P = 32'sb00000000000000000000000000000011
Module <mult_mat> is correct for synthesis.
 

=========================================================================
*                           HDL Synthesis                               *
=========================================================================

Performing bidirectional port resolution...

Synthesizing Unit <mult_mat>.
    Related source file is "mult_mat.v".
WARNING:Xst:646 - Signal <mat_B<8:7>> is assigned but never used. This unconnected signal will be trimmed during the optimization process.
WARNING:Xst:646 - Signal <mat_B<5:4>> is assigned but never used. This unconnected signal will be trimmed during the optimization process.
WARNING:Xst:646 - Signal <mat_B<2:1>> is assigned but never used. This unconnected signal will be trimmed during the optimization process.
WARNING:Xst:646 - Signal <acum> is assigned but never used. This unconnected signal will be trimmed during the optimization process.
    Found 6-bit register for signal <mat_A>.
    Found 9-bit register for signal <mat_B>.
    Summary:
	inferred  15 D-type flip-flop(s).
	inferred   4 Adder/Subtractor(s).
Unit <mult_mat> synthesized.


=========================================================================
HDL Synthesis Report

Macro Statistics
# Adders/Subtractors                                   : 4
 2-bit adder                                           : 4
# Registers                                            : 2
 6-bit register                                        : 1
 9-bit register                                        : 1

=========================================================================

=========================================================================
*                       Advanced HDL Synthesis                          *
=========================================================================

WARNING:Xst:2677 - Node <mat_B_1> of sequential type is unconnected in block <mult_mat>.
WARNING:Xst:2677 - Node <mat_B_2> of sequential type is unconnected in block <mult_mat>.
WARNING:Xst:2677 - Node <mat_B_4> of sequential type is unconnected in block <mult_mat>.
WARNING:Xst:2677 - Node <mat_B_5> of sequential type is unconnected in block <mult_mat>.
WARNING:Xst:2677 - Node <mat_B_7> of sequential type is unconnected in block <mult_mat>.
WARNING:Xst:2677 - Node <mat_B_8> of sequential type is unconnected in block <mult_mat>.
WARNING:Xst:2677 - Node <mat_B_1> of sequential type is unconnected in block <mult_mat>.
WARNING:Xst:2677 - Node <mat_B_2> of sequential type is unconnected in block <mult_mat>.
WARNING:Xst:2677 - Node <mat_B_4> of sequential type is unconnected in block <mult_mat>.
WARNING:Xst:2677 - Node <mat_B_5> of sequential type is unconnected in block <mult_mat>.
WARNING:Xst:2677 - Node <mat_B_7> of sequential type is unconnected in block <mult_mat>.
WARNING:Xst:2677 - Node <mat_B_8> of sequential type is unconnected in block <mult_mat>.

=========================================================================
Advanced HDL Synthesis Report

Macro Statistics
# Adders/Subtractors                                   : 2
 1-bit adder carry in                                  : 2
# Registers                                            : 9
 Flip-Flops                                            : 9

=========================================================================

=========================================================================
*                         Low Level Synthesis                           *
=========================================================================

Optimizing unit <mult_mat> ...

Mapping all equations...
Building and optimizing final netlist ...
Found area constraint ratio of 100 (+ 5) on block mult_mat, actual ratio is 0.

Final Macro Processing ...

=========================================================================
Final Register Report

Macro Statistics
# Registers                                            : 9
 Flip-Flops                                            : 9

=========================================================================

=========================================================================
*                           Partition Report                            *
=========================================================================

Partition Implementation Status
-------------------------------

  No Partitions were found in this design.

-------------------------------

=========================================================================
*                            Final Report                               *
=========================================================================
Final Results
RTL Top Level Output File Name     : mult_mat.ngr
Top Level Output File Name         : mult_mat
Output Format                      : NGC
Optimization Goal                  : Speed
Keep Hierarchy                     : No

Design Statistics
# IOs                              : 23

Cell Usage :
# BELS                             : 4
#      LUT3                        : 2
#      LUT4                        : 2
# FlipFlops/Latches                : 9
#      FDE                         : 9
# Clock Buffers                    : 1
#      BUFGP                       : 1
# IO Buffers                       : 16
#      IBUF                        : 10
#      OBUF                        : 6
=========================================================================

Device utilization summary:
---------------------------

Selected Device : 3s100ecp132-5 

 Number of Slices:                        2  out of    960     0%  
 Number of 4 input LUTs:                  4  out of   1920     0%  
 Number of IOs:                          23
 Number of bonded IOBs:                  17  out of     83    20%  
    IOB Flip Flops:                       9
 Number of GCLKs:                         1  out of     24     4%  

---------------------------
Partition Resource Summary:
---------------------------

  No Partitions were found in this design.

---------------------------


=========================================================================
TIMING REPORT

NOTE: THESE TIMING NUMBERS ARE ONLY A SYNTHESIS ESTIMATE.
      FOR ACCURATE TIMING INFORMATION PLEASE REFER TO THE TRACE REPORT
      GENERATED AFTER PLACE-and-ROUTE.

Clock Information:
------------------
-----------------------------------+------------------------+-------+
Clock Signal                       | Clock buffer(FF name)  | Load  |
-----------------------------------+------------------------+-------+
clk                                | BUFGP                  | 9     |
-----------------------------------+------------------------+-------+

Asynchronous Control Signals Information:
----------------------------------------
No asynchronous control signals found in this design

Timing Summary:
---------------
Speed Grade: -5

   Minimum period: No path found
   Minimum input arrival time before clock: 2.286ns
   Maximum output required time after clock: 6.316ns
   Maximum combinational path delay: No path found

Timing Detail:
--------------
All values displayed in nanoseconds (ns)

=========================================================================
Timing constraint: Default OFFSET IN BEFORE for Clock 'clk'
  Total number of paths / destination ports: 18 / 18
-------------------------------------------------------------------------
Offset:              2.286ns (Levels of Logic = 1)
  Source:            clk_enable (PAD)
  Destination:       mat_A_0 (FF)
  Destination Clock: clk rising

  Data Path: clk_enable to mat_A_0
                                Gate     Net
    Cell:in->out      fanout   Delay   Delay  Logical Name (Net Name)
    ----------------------------------------  ------------
     IBUF:I->O             9   1.106   0.697  clk_enable_IBUF (clk_enable_IBUF)
     FDE:CE                    0.483          mat_A_0
    ----------------------------------------
    Total                      2.286ns (1.589ns logic, 0.697ns route)
                                       (69.5% logic, 30.5% route)

=========================================================================
Timing constraint: Default OFFSET OUT AFTER for Clock 'clk'
  Total number of paths / destination ports: 36 / 6
-------------------------------------------------------------------------
Offset:              6.316ns (Levels of Logic = 3)
  Source:            mat_B_3 (FF)
  Destination:       matriz_resultado<5> (PAD)
  Source Clock:      clk rising

  Data Path: mat_B_3 to matriz_resultado<5>
                                Gate     Net
    Cell:in->out      fanout   Delay   Delay  Logical Name (Net Name)
    ----------------------------------------  ------------
     FDE:C->Q              2   0.514   0.532  mat_B_3 (mat_B_3)
     LUT4:I0->O            1   0.612   0.426  Madd__old_acum_6_Madd_Madd_lut<0>1 (Madd__old_acum_6_Madd_Madd_lut<0>)
     LUT3:I1->O            3   0.612   0.451  Madd__old_acum_6_Madd_Madd_xor<0>11 (matriz_resultado_3_OBUF)
     OBUF:I->O                 3.169          matriz_resultado_5_OBUF (matriz_resultado<5>)
    ----------------------------------------
    Total                      6.316ns (4.907ns logic, 1.409ns route)
                                       (77.7% logic, 22.3% route)

=========================================================================


Total REAL time to Xst completion: 9.00 secs
Total CPU time to Xst completion: 9.01 secs
 
--> 

Total memory usage is 151756 kilobytes

Number of errors   :    0 (   0 filtered)
Number of warnings :   16 (   0 filtered)
Number of infos    :    0 (   0 filtered)

