--------------------------------------------------------------------------------
Release 14.2 Trace  (nt)
Copyright (c) 1995-2012 Xilinx, Inc.  All rights reserved.

C:\Xilinx\14.2\ISE_DS\ISE\bin\nt\unwrapped\trce.exe -intstyle ise -v 3 -s 5 -n
3 -fastpaths -xml contador_BCD.twx contador_BCD.ncd -o contador_BCD.twr
contador_BCD.pcf

Design file:              contador_BCD.ncd
Physical constraint file: contador_BCD.pcf
Device,package,speed:     xc3s100e,cp132,-5 (PRODUCTION 1.27 2012-07-09)
Report level:             verbose report

Environment Variable      Effect 
--------------------      ------ 
NONE                      No environment variables were set
--------------------------------------------------------------------------------

INFO:Timing:2698 - No timing constraints found, doing default enumeration.
INFO:Timing:3412 - To improve timing, see the Timing Closure User Guide (UG612).
INFO:Timing:2752 - To get complete path coverage, use the unconstrained paths 
   option. All paths that are not constrained will be reported in the 
   unconstrained paths section(s) of the report.
INFO:Timing:3339 - The clock-to-out numbers in this timing report are based on 
   a 50 Ohm transmission line loading model.  For the details of this model, 
   and for more information on accounting for different loading conditions, 
   please see the device datasheet.
INFO:Timing:3390 - This architecture does not support a default System Jitter 
   value, please add SYSTEM_JITTER constraint to the UCF to modify the Clock 
   Uncertainty calculation.
INFO:Timing:3389 - This architecture does not support 'Discrete Jitter' and 
   'Phase Error' calculations, these terms will be zero in the Clock 
   Uncertainty calculation.  Please make appropriate modification to 
   SYSTEM_JITTER to account for the unsupported Discrete Jitter and Phase 
   Error.



Data Sheet report:
-----------------
All values displayed in nanoseconds (ns)

Setup/Hold to clock clk
------------+------------+------------+------------------+--------+
            |Max Setup to|Max Hold to |                  | Clock  |
Source      | clk (edge) | clk (edge) |Internal Clock(s) | Phase  |
------------+------------+------------+------------------+--------+
clk_en      |    2.447(R)|    1.281(R)|clk_BUFGP         |   0.000|
rst         |    2.139(R)|   -0.144(R)|clk_BUFGP         |   0.000|
------------+------------+------------+------------------+--------+

Clock clk to Pad
------------+------------+------------------+--------+
            | clk (edge) |                  | Clock  |
Destination |   to PAD   |Internal Clock(s) | Phase  |
------------+------------+------------------+--------+
sal<0>      |    7.792(R)|clk_BUFGP         |   0.000|
sal<1>      |    7.650(R)|clk_BUFGP         |   0.000|
sal<2>      |    7.132(R)|clk_BUFGP         |   0.000|
sal<3>      |    7.178(R)|clk_BUFGP         |   0.000|
sal<4>      |    6.953(R)|clk_BUFGP         |   0.000|
sal<5>      |    6.941(R)|clk_BUFGP         |   0.000|
sal<6>      |    6.999(R)|clk_BUFGP         |   0.000|
sal<7>      |    7.473(R)|clk_BUFGP         |   0.000|
sal<8>      |    7.043(R)|clk_BUFGP         |   0.000|
sal<9>      |    7.166(R)|clk_BUFGP         |   0.000|
sal<10>     |    7.165(R)|clk_BUFGP         |   0.000|
sal<11>     |    7.418(R)|clk_BUFGP         |   0.000|
------------+------------+------------------+--------+

Clock to Setup on destination clock clk
---------------+---------+---------+---------+---------+
               | Src:Rise| Src:Fall| Src:Rise| Src:Fall|
Source Clock   |Dest:Rise|Dest:Rise|Dest:Fall|Dest:Fall|
---------------+---------+---------+---------+---------+
clk            |    3.684|         |         |         |
---------------+---------+---------+---------+---------+


Analysis completed Tue Mar 26 20:52:32 2013 
--------------------------------------------------------------------------------

Trace Settings:
-------------------------
Trace Settings 

Peak Memory Usage: 90 MB



