Running: C:\Xilinx\14.2\ISE_DS\ISE\bin\nt\unwrapped\fuse.exe -intstyle ise -incremental -o C:/Documents and Settings/multi_compuerta/test_isim_beh.exe -prj C:/Documents and Settings/multi_compuerta/test_beh.prj work.test 
ISim P.28xd (signature 0x1048c146)
Number of CPUs detected in this system: 1
Turning on mult-threading, number of parallel sub-compilation jobs: 0 
Determining compilation order of HDL files
Parsing VHDL file "C:/Documents and Settings/multi_compuerta/multi_compuerta.vhd" into library work
Parsing VHDL file "C:/Documents and Settings/multi_compuerta/test.vhd" into library work
Starting static elaboration
Completed static elaboration
Fuse Memory Usage: 67940 KB
Fuse CPU Usage: 280 ms
Compiling package standard
Compiling package std_logic_1164
Compiling architecture behavioral of entity multi_compuerta [multi_compuerta_default]
Compiling architecture behavior of entity test
Time Resolution for simulation is 1ps.
Compiled 5 VHDL Units
Built simulation executable C:/Documents and Settings/multi_compuerta/test_isim_beh.exe
Fuse Memory Usage: 75752 KB
Fuse CPU Usage: 320 ms
